2025-10-20 16:40:22,821 INFO main - Starting provisioning tool
2025-10-20 16:40:23,809 INFO src.ops.provisioner - Workshops API disabled in settings. Nothing to do.
2025-10-20 16:40:23,810 INFO main - Done. Results written to log.
2025-10-20 16:40:55,928 INFO main - Starting provisioning tool
2025-10-20 16:40:56,610 INFO src.ops.provisioner - Workshops API disabled in settings. Nothing to do.
2025-10-20 16:40:56,611 INFO main - Done. Results written to log.
2025-10-20 16:41:24,665 INFO main - Starting provisioning tool
2025-10-20 16:41:25,265 INFO src.ops.provisioner - Workshops API disabled in settings. Nothing to do.
2025-10-20 16:41:25,267 INFO main - Done. Results written to log.
2025-10-20 16:41:43,792 INFO main - Starting provisioning tool
2025-10-20 16:41:44,532 INFO src.ops.provisioner - Workshops API disabled in settings. Nothing to do.
2025-10-20 16:41:44,532 INFO main - Done. Results written to log.
2025-10-20 16:43:02,079 INFO main - Starting provisioning tool
2025-10-20 16:43:02,882 INFO src.ops.provisioner - Workshops API disabled in settings. Nothing to do.
2025-10-20 16:43:02,882 INFO main - Done. Results written to log.
2025-10-20 16:44:07,658 INFO main - Starting provisioning tool
2025-10-20 16:44:08,292 INFO src.ops.provisioner - Workshops API disabled in settings. Nothing to do.
2025-10-20 16:44:08,292 INFO main - Done. Results written to log.
2025-10-20 16:44:37,288 INFO main - Starting provisioning tool
2025-10-20 16:44:38,408 INFO src.ops.provisioner - Workshops API disabled in settings. Nothing to do.
2025-10-20 16:44:38,408 INFO main - Done. Results written to log.
2025-10-20 16:45:24,049 INFO main - Starting provisioning tool
2025-10-20 16:45:59,468 INFO main - Starting provisioning tool
2025-10-20 16:46:00,555 INFO src.ops.provisioner - Authenticated to CTM, token len=704
2025-10-20 16:46:00,556 WARNING src.ops.provisioner - Skipping row with empty Apps Name
2025-10-20 16:46:00,557 WARNING src.ops.provisioner - Skipping row with empty Apps Name
2025-10-20 16:46:00,558 INFO src.ops.provisioner - Provisioning finished. Summary: []
2025-10-20 16:46:00,558 INFO main - Done. Results written to log.
2025-10-20 16:46:59,879 INFO main - Starting provisioning tool
2025-10-20 16:47:00,991 INFO src.ops.provisioner - Authenticated to CTM, token len=704
2025-10-20 16:47:00,992 INFO src.ops.provisioner - Provisioning app=tesla user=tesla_av7ki9 email=tesla@telkom.co.id
2025-10-20 16:47:01,255 INFO src.ops.provisioner - Provisioning finished. Summary: [{'app': 'tesla', 'status': 'ok', 'username': 'tesla_av7ki9', 'password': 'tesla@-Hi#3VZjh2lgd6p', 'email': 'tesla@telkom.co.id', 'user_response': {'created_at': '2025-10-20T09:46:45.67953Z', 'email': 'tesla@telkom.co.id', 'last_login': None, 'logins_count': 0, 'name': 'tesla', 'nickname': 'tesla_av7ki9', 'updated_at': '2025-10-20T09:46:45.67953Z', 'user_id': 'local|408589fd-6ea4-465d-8f2c-4927fa4cff1e', 'username': 'tesla_av7ki9', 'user_metadata': {}, 'app_metadata': {}, 'failed_logins_count': 0, 'account_lockout_at': None, 'failed_logins_initial_attempt_at': None, 'last_failed_login_at': None, 'password_changed_at': '2025-10-20T09:46:45.671034Z', 'password_change_required': False, 'certificate_subject_dn': '', 'enable_cert_auth': False, 'auth_domain': '00000000-0000-0000-0000-000000000000', 'login_flags': {'prevent_ui_login': False}, 'auth_domain_name': 'root', 'allowed_auth_methods': ['password'], 'allowed_client_types': ['unregistered', 'public', 'confidential']}, 'key_response': {'id': '1e1805aaf51e4cd08cd6db1ab4e3475f2ea09d90f36242ea8fd06339d5a7931d', 'uri': 'kylo:kylo:vault:keys:tesla-keys-v0', 'account': 'kylo:kylo:admin:accounts:kylo', 'application': 'ncryptify:gemalto:admin:apps:kylo', 'devAccount': 'ncryptify:gemalto:admin:accounts:gemalto', 'createdAt': '2025-10-20T09:46:45.789834Z', 'name': 'tesla_keys', 'updatedAt': '2025-10-20T09:46:45.789834Z', 'state': 'Pre-Active', 'usageMask': 3145740, 'meta': {'ownerId': 'local|408589fd-6ea4-465d-8f2c-4927fa4cff1e'}, 'objectType': 'Symmetric Key', 'aliases': [{'alias': 'tesla_keys', 'type': 'string', 'index': 0}, {'alias': 'tesla_keys:keysecure:gemalto:com', 'type': 'uri', 'index': 1}], 'sha1Fingerprint': '40fc9fdf3b52725f', 'sha256Fingerprint': '23b89d79ff2febb3d471103104974748ccb854bd6a165f1aad4b1b2f0109b178', 'defaultIV': '8b2cfd695d55f05aa0dfb68c64a2370a', 'version': 0, 'algorithm': 'AES', 'size': 256, 'unexportable': False, 'undeletable': False, 'neverExported': True, 'neverExportable': False, 'emptyMaterial': False, 'uuid': 'b3e0433e-f12e-4508-8c9f-c00210d25760', 'muid': 'b3e0433e-f12e-4508-8c9f-c00210d25760a7c35993-dab1-4203-ad0c-9c0a4c533309', 'keyCheckValue': '206daa'}}]
2025-10-20 16:47:01,255 INFO main - Done. Results written to log.
2025-10-20 16:53:51,654 INFO main - Starting provisioning tool
2025-10-20 16:53:52,664 INFO src.ops.provisioner - Authenticated to CTM, token len=704
2025-10-20 16:53:52,664 INFO src.ops.provisioner - Provisioning app=tesla hyundai user=teslahyundai_9wfccw email=teslahyundai@telkom.co.id
2025-10-20 16:53:52,951 INFO src.ops.provisioner - Provisioning finished. Summary: [{'app': 'tesla hyundai', 'status': 'ok', 'username': 'teslahyundai_9wfccw', 'password': 'tesla hyundai+@*f_A0_+$X4HAYN', 'email': 'teslahyundai@telkom.co.id', 'user_response': {'created_at': '2025-10-20T09:53:37.372213Z', 'email': 'teslahyundai@telkom.co.id', 'last_login': None, 'logins_count': 0, 'name': 'tesla hyundai', 'nickname': 'teslahyundai_9wfccw', 'updated_at': '2025-10-20T09:53:37.372213Z', 'user_id': 'local|046ed5ef-a2fc-4014-85fb-74e08fcfa06d', 'username': 'teslahyundai_9wfccw', 'user_metadata': {}, 'app_metadata': {}, 'failed_logins_count': 0, 'account_lockout_at': None, 'failed_logins_initial_attempt_at': None, 'last_failed_login_at': None, 'password_changed_at': '2025-10-20T09:53:37.365656Z', 'password_change_required': False, 'certificate_subject_dn': '', 'enable_cert_auth': False, 'auth_domain': '00000000-0000-0000-0000-000000000000', 'login_flags': {'prevent_ui_login': False}, 'auth_domain_name': 'root', 'allowed_auth_methods': ['password'], 'allowed_client_types': ['unregistered', 'public', 'confidential']}, 'key_response': {'id': 'a9604fbd803644fdae0905cb52046dbd6eca01a4e5084000bb632906b55a4c8f', 'uri': 'kylo:kylo:vault:keys:teslahyundai-keys-v0', 'account': 'kylo:kylo:admin:accounts:kylo', 'application': 'ncryptify:gemalto:admin:apps:kylo', 'devAccount': 'ncryptify:gemalto:admin:accounts:gemalto', 'createdAt': '2025-10-20T09:53:37.492648Z', 'name': 'teslahyundai_keys', 'updatedAt': '2025-10-20T09:53:37.492648Z', 'state': 'Pre-Active', 'usageMask': 3145740, 'meta': {'ownerId': 'local|046ed5ef-a2fc-4014-85fb-74e08fcfa06d'}, 'objectType': 'Symmetric Key', 'aliases': [{'alias': 'teslahyundai_keys', 'type': 'string', 'index': 0}, {'alias': 'teslahyundai_keys:keysecure:gemalto:com', 'type': 'uri', 'index': 1}], 'sha1Fingerprint': '0ee763f3eb55e6b6', 'sha256Fingerprint': 'd577016909f2f5bedb7f258f6ac6a52d2ab1d45db6afab2ae67814ae7a87d1c2', 'defaultIV': '09ae1b43d13975841b9b877652d41845', 'version': 0, 'algorithm': 'AES', 'size': 256, 'unexportable': False, 'undeletable': False, 'neverExported': True, 'neverExportable': False, 'emptyMaterial': False, 'uuid': '3d85fcc8-9cce-4a12-b4ed-1949688aef35', 'muid': '3d85fcc8-9cce-4a12-b4ed-1949688aef35b349ab49-55be-4810-9b96-c7516ebc5bad', 'keyCheckValue': 'd9f95d'}}]
2025-10-20 16:53:52,951 INFO main - Done. Results written to log.
2025-10-20 16:58:03,572 INFO main - Starting provisioning tool
2025-10-20 16:58:04,967 INFO src.ops.provisioner - Authenticated to CTM, token len=704
2025-10-20 16:58:04,968 INFO src.ops.provisioner - Provisioning app=tesla hyundai user=teslahyundai_apps email=teslahyundai@telkom.co.id
2025-10-20 16:58:05,326 ERROR src.ops.provisioner - Failed to create key for tesla hyundai: 409 Client Error: Conflict for url: https://192.168.100.79/api/v1/vault/keys2
Traceback (most recent call last):
  File "C:\Users\OkaPrasetiyo\OneDrive - NERA\Backups\01 Nera\01 Project\14 Telkom Data Protection\07 Devs\operations\src\ops\provisioner.py", line 93, in run
    key_resp = self.client.create_key(name=key_name, owner_id=owner_id)
               ^^^^^^^^^^^^^^^^^^^^^^^^^^^^^^^^^^^^^^^^^^^^^^^^^^^^^^^^
  File "C:\Users\OkaPrasetiyo\OneDrive - NERA\Backups\01 Nera\01 Project\14 Telkom Data Protection\07 Devs\operations\src\ops\ctm_client.py", line 72, in create_key
    r.raise_for_status()
  File "C:\Users\OkaPrasetiyo\OneDrive - NERA\Backups\01 Nera\01 Project\14 Telkom Data Protection\07 Devs\operations\.venv\Lib\site-packages\requests\models.py", line 1026, in raise_for_status
    raise HTTPError(http_error_msg, response=self)
requests.exceptions.HTTPError: 409 Client Error: Conflict for url: https://192.168.100.79/api/v1/vault/keys2
2025-10-20 16:58:05,341 INFO src.ops.provisioner - Provisioning finished. Summary: [{'app': 'tesla hyundai', 'status': 'key_failed', 'error': '409 Client Error: Conflict for url: https://192.168.100.79/api/v1/vault/keys2', 'owner_id': 'local|e31e8979-7e9c-4402-b1ce-ed407d301172'}]
2025-10-20 16:58:05,343 INFO main - Done. Results written to log.
2025-10-20 16:58:42,328 INFO main - Starting provisioning tool
2025-10-20 16:58:43,324 INFO src.ops.provisioner - Authenticated to CTM, token len=704
2025-10-20 16:58:43,325 INFO src.ops.provisioner - Provisioning app=tesla hyundai user=teslahyundai_apps email=teslahyundai@telkom.co.id
2025-10-20 16:58:43,478 ERROR src.ops.provisioner - Failed to create user for tesla hyundai: 409 Client Error: Conflict for url: https://192.168.100.79/api/v1/usermgmt/users
Traceback (most recent call last):
  File "C:\Users\OkaPrasetiyo\OneDrive - NERA\Backups\01 Nera\01 Project\14 Telkom Data Protection\07 Devs\operations\src\ops\provisioner.py", line 73, in run
    user_resp = self.client.create_user(username=username, password=password, email=email, name=app_name)
                ^^^^^^^^^^^^^^^^^^^^^^^^^^^^^^^^^^^^^^^^^^^^^^^^^^^^^^^^^^^^^^^^^^^^^^^^^^^^^^^^^^^^^^^^^
  File "C:\Users\OkaPrasetiyo\OneDrive - NERA\Backups\01 Nera\01 Project\14 Telkom Data Protection\07 Devs\operations\src\ops\ctm_client.py", line 53, in create_user
    r.raise_for_status()
  File "C:\Users\OkaPrasetiyo\OneDrive - NERA\Backups\01 Nera\01 Project\14 Telkom Data Protection\07 Devs\operations\.venv\Lib\site-packages\requests\models.py", line 1026, in raise_for_status
    raise HTTPError(http_error_msg, response=self)
requests.exceptions.HTTPError: 409 Client Error: Conflict for url: https://192.168.100.79/api/v1/usermgmt/users
2025-10-20 16:58:43,489 INFO src.ops.provisioner - Provisioning finished. Summary: [{'app': 'tesla hyundai', 'status': 'user_failed', 'error': '409 Client Error: Conflict for url: https://192.168.100.79/api/v1/usermgmt/users'}]
2025-10-20 16:58:43,489 INFO main - Done. Results written to log.
2025-10-20 16:59:10,074 INFO main - Starting provisioning tool
2025-10-20 16:59:11,645 INFO src.ops.provisioner - Authenticated to CTM, token len=704
2025-10-20 16:59:11,645 INFO src.ops.provisioner - Provisioning app=my tesla user=mytesla_apps email=mytesla@telkom.co.id
2025-10-20 16:59:11,934 INFO src.ops.provisioner - Provisioning finished. Summary: [{'app': 'my tesla', 'status': 'ok', 'username': 'mytesla_apps', 'password': 'my teslaxb2c1uePxqq^(cEU', 'email': 'mytesla@telkom.co.id', 'user_response': {'created_at': '2025-10-20T09:58:56.348727Z', 'email': 'mytesla@telkom.co.id', 'last_login': None, 'logins_count': 0, 'name': 'my tesla', 'nickname': 'mytesla_apps', 'updated_at': '2025-10-20T09:58:56.348727Z', 'user_id': 'local|440ce9cf-5c50-4d73-a6a7-a7093072a066', 'username': 'mytesla_apps', 'user_metadata': {}, 'app_metadata': {}, 'failed_logins_count': 0, 'account_lockout_at': None, 'failed_logins_initial_attempt_at': None, 'last_failed_login_at': None, 'password_changed_at': '2025-10-20T09:58:56.345555Z', 'password_change_required': False, 'certificate_subject_dn': '', 'enable_cert_auth': False, 'auth_domain': '00000000-0000-0000-0000-000000000000', 'login_flags': {'prevent_ui_login': False}, 'auth_domain_name': 'root', 'allowed_auth_methods': ['password'], 'allowed_client_types': ['unregistered', 'public', 'confidential']}, 'key_response': {'id': '76e72a0fe28d407286e42e0d692885859ab820b7dbec42daad0ed2e6770ed8a8', 'uri': 'kylo:kylo:vault:keys:mytesla-keys-v0', 'account': 'kylo:kylo:admin:accounts:kylo', 'application': 'ncryptify:gemalto:admin:apps:kylo', 'devAccount': 'ncryptify:gemalto:admin:accounts:gemalto', 'createdAt': '2025-10-20T09:58:56.477005Z', 'name': 'mytesla_keys', 'updatedAt': '2025-10-20T09:58:56.477005Z', 'state': 'Pre-Active', 'usageMask': 3145740, 'meta': {'ownerId': 'local|440ce9cf-5c50-4d73-a6a7-a7093072a066'}, 'objectType': 'Symmetric Key', 'aliases': [{'alias': 'mytesla_keys', 'type': 'string', 'index': 0}, {'alias': 'mytesla_keys:keysecure:gemalto:com', 'type': 'uri', 'index': 1}], 'sha1Fingerprint': '9fb78934a30eac3e', 'sha256Fingerprint': 'f5fc30a65abfcceeb9e4d19b5154bffcb29bab50847c18c83405aee3756669f5', 'defaultIV': 'a7efa1801559f305509f6adb5c80241b', 'version': 0, 'algorithm': 'AES', 'size': 256, 'unexportable': False, 'undeletable': False, 'neverExported': True, 'neverExportable': False, 'emptyMaterial': False, 'uuid': 'a8d9333e-0569-49d0-a1d1-82be4bab688c', 'muid': 'a8d9333e-0569-49d0-a1d1-82be4bab688c67cb1808-a300-47dd-9b3d-01f65d91c159', 'keyCheckValue': '0ba0b5'}}]
2025-10-20 16:59:11,937 INFO main - Done. Results written to log.
2025-10-21 12:07:50,972 INFO main - Starting provisioning tool
2025-10-21 12:07:53,412 INFO src.ops.provisioner - Authenticated to CTM, token len=704
2025-10-21 12:07:53,952 INFO src.ops.provisioner - Provisioning app=my tesla1 user=mytesla1_apps email=mytesla1@telkom.co.id
2025-10-21 12:07:54,218 INFO src.ops.provisioner - Starting CTVL provisioning for my tesla1
2025-10-21 12:07:54,692 ERROR src.ops.provisioner - CTVL: Failed to create key for my tesla1: 400 Client Error: Bad Request for url: https://192.168.100.83/api/keys/
Traceback (most recent call last):
  File "C:\Users\OkaPrasetiyo\OneDrive - NERA\Backups\01 Nera\01 Project\14 Telkom Data Protection\07 Devs\operations\src\ops\provisioner.py", line 202, in run
    ctvl_key_resp = self.ctvl.create_key(name=app_name.lower())
                    ^^^^^^^^^^^^^^^^^^^^^^^^^^^^^^^^^^^^^^^^^^^
  File "C:\Users\OkaPrasetiyo\OneDrive - NERA\Backups\01 Nera\01 Project\14 Telkom Data Protection\07 Devs\operations\src\ops\ctvl_client.py", line 57, in create_key
    r.raise_for_status()
  File "C:\Users\OkaPrasetiyo\OneDrive - NERA\Backups\01 Nera\01 Project\14 Telkom Data Protection\07 Devs\operations\.venv\Lib\site-packages\requests\models.py", line 1026, in raise_for_status
    raise HTTPError(http_error_msg, response=self)
requests.exceptions.HTTPError: 400 Client Error: Bad Request for url: https://192.168.100.83/api/keys/
2025-10-21 12:07:54,716 INFO src.ops.provisioner - Provisioning finished. Summary: [{'app': 'my tesla1', 'status': 'ctvl_key_failed', 'user_response': {'created_at': '2025-10-21T05:07:38.083026Z', 'email': 'mytesla1@telkom.co.id', 'last_login': None, 'logins_count': 0, 'name': 'my tesla1', 'nickname': 'mytesla1_apps', 'updated_at': '2025-10-21T05:07:38.083026Z', 'user_id': 'local|f23af448-3486-422f-a9b0-29a3a2443c80', 'username': 'mytesla1_apps', 'user_metadata': {}, 'app_metadata': {}, 'failed_logins_count': 0, 'account_lockout_at': None, 'failed_logins_initial_attempt_at': None, 'last_failed_login_at': None, 'password_changed_at': '2025-10-21T05:07:38.07999Z', 'password_change_required': False, 'certificate_subject_dn': '', 'enable_cert_auth': False, 'auth_domain': '00000000-0000-0000-0000-000000000000', 'login_flags': {'prevent_ui_login': False}, 'auth_domain_name': 'root', 'allowed_auth_methods': ['password'], 'allowed_client_types': ['unregistered', 'public', 'confidential']}, 'key_response': {'id': '267124ad8c0e4981bb9b1ddc1c63afa81b5d8bfcb5554a28bb3bd1d0c3ed3e5b', 'uri': 'kylo:kylo:vault:keys:mytesla1-keys-v0', 'account': 'kylo:kylo:admin:accounts:kylo', 'application': 'ncryptify:gemalto:admin:apps:kylo', 'devAccount': 'ncryptify:gemalto:admin:accounts:gemalto', 'createdAt': '2025-10-21T05:07:38.19306Z', 'name': 'mytesla1_keys', 'updatedAt': '2025-10-21T05:07:38.19306Z', 'state': 'Pre-Active', 'usageMask': 3145740, 'meta': {'ownerId': 'local|f23af448-3486-422f-a9b0-29a3a2443c80'}, 'objectType': 'Symmetric Key', 'aliases': [{'alias': 'mytesla1_keys', 'type': 'string', 'index': 0}, {'alias': 'mytesla1_keys:keysecure:gemalto:com', 'type': 'uri', 'index': 1}], 'sha1Fingerprint': 'ed5928c92f89fc1a', 'sha256Fingerprint': 'e7199f2bc021a0938fc41bf248dbdba2a2d8c6a345a93c60edf9c53478f563a7', 'defaultIV': '41cb8db56968c18068cdde0b9dad0f12', 'version': 0, 'algorithm': 'AES', 'size': 256, 'unexportable': False, 'undeletable': False, 'neverExported': True, 'neverExportable': False, 'emptyMaterial': False, 'uuid': 'a125e855-f9e3-4f72-9955-8f81b4db2062', 'muid': 'a125e855-f9e3-4f72-9955-8f81b4db2062e4cc7e01-6e4a-4edf-950c-262af527e872', 'keyCheckValue': '54e6dd'}, 'ctvl_user_response': {'id': 7, 'username': 'mytesla1_apps', 'email': 'mytesla1@telkom.co.id', 'is_active': True, 'is_staff': True, 'is_superuser': False, 'groups': [], 'ldap_user': False, 'mask': None}, 'error': '400 Client Error: Bad Request for url: https://192.168.100.83/api/keys/'}]
2025-10-21 12:07:54,716 INFO main - Done. Results written to log.
2025-10-21 12:18:14,520 INFO main - Starting provisioning tool
2025-10-21 12:18:15,602 INFO src.ops.provisioner - Authenticated to CTM, token len=704
2025-10-21 12:18:16,180 INFO src.ops.provisioner - Provisioning app=my tesla2 user=mytesla2_apps email=mytesla2@telkom.co.id
2025-10-21 12:18:16,552 INFO src.ops.provisioner - Starting CTVL provisioning for my tesla2
2025-10-21 12:18:17,002 ERROR src.ops.provisioner - CTVL: Failed to create key for my tesla2: 400 Client Error: Bad Request for url: https://192.168.100.83/api/keys/
Traceback (most recent call last):
  File "C:\Users\OkaPrasetiyo\OneDrive - NERA\Backups\01 Nera\01 Project\14 Telkom Data Protection\07 Devs\operations\src\ops\provisioner.py", line 202, in run
    ctvl_key_resp = self.ctvl.create_key(name=app_name.lower())
                    ^^^^^^^^^^^^^^^^^^^^^^^^^^^^^^^^^^^^^^^^^^^
  File "C:\Users\OkaPrasetiyo\OneDrive - NERA\Backups\01 Nera\01 Project\14 Telkom Data Protection\07 Devs\operations\src\ops\ctvl_client.py", line 58, in create_key
    r.raise_for_status()
  File "C:\Users\OkaPrasetiyo\OneDrive - NERA\Backups\01 Nera\01 Project\14 Telkom Data Protection\07 Devs\operations\.venv\Lib\site-packages\requests\models.py", line 1026, in raise_for_status
    raise HTTPError(http_error_msg, response=self)
requests.exceptions.HTTPError: 400 Client Error: Bad Request for url: https://192.168.100.83/api/keys/
2025-10-21 12:18:17,021 INFO src.ops.provisioner - Provisioning finished. Summary: [{'app': 'my tesla2', 'status': 'ctvl_key_failed', 'user_response': {'created_at': '2025-10-21T05:18:00.328866Z', 'email': 'mytesla2@telkom.co.id', 'last_login': None, 'logins_count': 0, 'name': 'my tesla2', 'nickname': 'mytesla2_apps', 'updated_at': '2025-10-21T05:18:00.328866Z', 'user_id': 'local|4367d8d9-f016-4c7b-8d90-5daf8ecb7fcd', 'username': 'mytesla2_apps', 'user_metadata': {}, 'app_metadata': {}, 'failed_logins_count': 0, 'account_lockout_at': None, 'failed_logins_initial_attempt_at': None, 'last_failed_login_at': None, 'password_changed_at': '2025-10-21T05:18:00.322388Z', 'password_change_required': False, 'certificate_subject_dn': '', 'enable_cert_auth': False, 'auth_domain': '00000000-0000-0000-0000-000000000000', 'login_flags': {'prevent_ui_login': False}, 'auth_domain_name': 'root', 'allowed_auth_methods': ['password'], 'allowed_client_types': ['unregistered', 'public', 'confidential']}, 'key_response': {'id': 'af80974efa6f4ab78745266296ccaa93436293cb4d024abdb51a32f3a79d80b6', 'uri': 'kylo:kylo:vault:keys:mytesla2-keys-v0', 'account': 'kylo:kylo:admin:accounts:kylo', 'application': 'ncryptify:gemalto:admin:apps:kylo', 'devAccount': 'ncryptify:gemalto:admin:accounts:gemalto', 'createdAt': '2025-10-21T05:18:00.514881Z', 'name': 'mytesla2_keys', 'updatedAt': '2025-10-21T05:18:00.514881Z', 'state': 'Pre-Active', 'usageMask': 3145740, 'meta': {'ownerId': 'local|4367d8d9-f016-4c7b-8d90-5daf8ecb7fcd'}, 'objectType': 'Symmetric Key', 'aliases': [{'alias': 'mytesla2_keys', 'type': 'string', 'index': 0}, {'alias': 'mytesla2_keys:keysecure:gemalto:com', 'type': 'uri', 'index': 1}], 'sha1Fingerprint': 'f0f19a6242d254c0', 'sha256Fingerprint': '8c18dd8b6196f0ca044f47e0d084485637ca34b7b7c778382538c301949588ac', 'defaultIV': '441e8baa185d895a9cbbabfbcd9dc792', 'version': 0, 'algorithm': 'AES', 'size': 256, 'unexportable': False, 'undeletable': False, 'neverExported': True, 'neverExportable': False, 'emptyMaterial': False, 'uuid': 'ddf2fe0a-c37d-43b3-9ae5-5267b79ac849', 'muid': 'ddf2fe0a-c37d-43b3-9ae5-5267b79ac849b7c25c0f-1baf-48fe-8f3b-f77e655b6c0a', 'keyCheckValue': '0009e4'}, 'ctvl_user_response': {'id': 8, 'username': 'mytesla2_apps', 'email': 'mytesla2@telkom.co.id', 'is_active': True, 'is_staff': True, 'is_superuser': False, 'groups': [], 'ldap_user': False, 'mask': None}, 'error': '400 Client Error: Bad Request for url: https://192.168.100.83/api/keys/'}]
2025-10-21 12:18:17,023 INFO main - Done. Results written to log.
2025-10-21 12:23:49,749 INFO main - Starting provisioning tool
2025-10-21 12:23:50,828 INFO src.ops.provisioner - Authenticated to CTM, token len=704
2025-10-21 12:23:51,320 INFO src.ops.provisioner - Provisioning app=my tesla2 user=mytesla2_apps email=mytesla2@telkom.co.id
2025-10-21 12:23:51,491 ERROR src.ops.provisioner - Failed to create user for my tesla2: 409 Client Error: Conflict for url: https://192.168.100.79/api/v1/usermgmt/users
Traceback (most recent call last):
  File "C:\Users\OkaPrasetiyo\OneDrive - NERA\Backups\01 Nera\01 Project\14 Telkom Data Protection\07 Devs\operations\src\ops\provisioner.py", line 142, in run
    user_resp = self.client.create_user(username=username, password=password, email=email, name=app_name)
                ^^^^^^^^^^^^^^^^^^^^^^^^^^^^^^^^^^^^^^^^^^^^^^^^^^^^^^^^^^^^^^^^^^^^^^^^^^^^^^^^^^^^^^^^^
  File "C:\Users\OkaPrasetiyo\OneDrive - NERA\Backups\01 Nera\01 Project\14 Telkom Data Protection\07 Devs\operations\src\ops\ctm_client.py", line 53, in create_user
    r.raise_for_status()
  File "C:\Users\OkaPrasetiyo\OneDrive - NERA\Backups\01 Nera\01 Project\14 Telkom Data Protection\07 Devs\operations\.venv\Lib\site-packages\requests\models.py", line 1026, in raise_for_status
    raise HTTPError(http_error_msg, response=self)
requests.exceptions.HTTPError: 409 Client Error: Conflict for url: https://192.168.100.79/api/v1/usermgmt/users
2025-10-21 12:23:51,495 INFO src.ops.provisioner - Provisioning finished. Summary: [{'app': 'my tesla2', 'status': 'user_failed', 'error': '409 Client Error: Conflict for url: https://192.168.100.79/api/v1/usermgmt/users'}]
2025-10-21 12:23:51,495 INFO main - Done. Results written to log.
2025-10-21 12:24:10,091 INFO main - Starting provisioning tool
2025-10-21 12:24:11,663 INFO src.ops.provisioner - Authenticated to CTM, token len=704
2025-10-21 12:24:12,278 INFO src.ops.provisioner - Provisioning app=my tesla3 user=mytesla3_apps email=mytesla3@telkom.co.id
2025-10-21 12:24:12,651 INFO src.ops.provisioner - Starting CTVL provisioning for my tesla3
2025-10-21 12:24:13,183 ERROR src.ops.provisioner - CTVL: No key_id found in create_key response for my tesla3: {'idkey': 14, 'name': 'mytesla3_keys', 'seedkey': False}
2025-10-21 12:24:13,183 INFO src.ops.provisioner - Provisioning finished. Summary: [{'app': 'my tesla3', 'status': 'ctvl_key_no_id', 'ctvl_user_response': {'id': 9, 'username': 'mytesla3_apps', 'email': 'mytesla3@telkom.co.id', 'is_active': True, 'is_staff': True, 'is_superuser': False, 'groups': [], 'ldap_user': False, 'mask': None}, 'ctvl_key_response': {'idkey': 14, 'name': 'mytesla3_keys', 'seedkey': False}}]
2025-10-21 12:24:13,183 INFO main - Done. Results written to log.
2025-10-21 12:29:19,470 INFO main - Starting provisioning tool
2025-10-21 12:29:20,669 INFO src.ops.provisioner - Authenticated to CTM, token len=704
2025-10-21 12:29:21,235 INFO src.ops.provisioner - Provisioning app=my tesla4 user=mytesla4_apps email=mytesla4@telkom.co.id
2025-10-21 12:29:21,556 INFO src.ops.provisioner - Starting CTVL provisioning for my tesla4
2025-10-21 12:29:22,863 INFO src.ops.provisioner - Provisioning finished. Summary: [{'app': 'my tesla4', 'status': 'ok', 'username': 'mytesla4_apps', 'password': 'my tesla4aIO2tLOWr*Vo@^^z', 'email': 'mytesla4@telkom.co.id', 'user_response': {'created_at': '2025-10-21T05:29:05.408213Z', 'email': 'mytesla4@telkom.co.id', 'last_login': None, 'logins_count': 0, 'name': 'my tesla4', 'nickname': 'mytesla4_apps', 'updated_at': '2025-10-21T05:29:05.408213Z', 'user_id': 'local|8a32e347-80fb-4a1f-9719-b927ae7b1cea', 'username': 'mytesla4_apps', 'user_metadata': {}, 'app_metadata': {}, 'failed_logins_count': 0, 'account_lockout_at': None, 'failed_logins_initial_attempt_at': None, 'last_failed_login_at': None, 'password_changed_at': '2025-10-21T05:29:05.405039Z', 'password_change_required': False, 'certificate_subject_dn': '', 'enable_cert_auth': False, 'auth_domain': '00000000-0000-0000-0000-000000000000', 'login_flags': {'prevent_ui_login': False}, 'auth_domain_name': 'root', 'allowed_auth_methods': ['password'], 'allowed_client_types': ['unregistered', 'public', 'confidential']}, 'key_response': {'id': 'a7f664bbf1634041bcb860aa83f709996f3ef09d7d504adc886fe2998d5638c9', 'uri': 'kylo:kylo:vault:keys:mytesla4-keys-v0', 'account': 'kylo:kylo:admin:accounts:kylo', 'application': 'ncryptify:gemalto:admin:apps:kylo', 'devAccount': 'ncryptify:gemalto:admin:accounts:gemalto', 'createdAt': '2025-10-21T05:29:05.550193Z', 'name': 'mytesla4_keys', 'updatedAt': '2025-10-21T05:29:05.550193Z', 'state': 'Pre-Active', 'usageMask': 3145740, 'meta': {'ownerId': 'local|8a32e347-80fb-4a1f-9719-b927ae7b1cea'}, 'objectType': 'Symmetric Key', 'aliases': [{'alias': 'mytesla4_keys', 'type': 'string', 'index': 0}, {'alias': 'mytesla4_keys:keysecure:gemalto:com', 'type': 'uri', 'index': 1}], 'sha1Fingerprint': '3ebd72028b4cbf1f', 'sha256Fingerprint': 'b3329c6c371321ff55b25d797a1f992baecab6bb1723a9c97c4d59b3fbd1c58c', 'defaultIV': '1bf0cb8fa6c1b43bd0af59de962267d8', 'version': 0, 'algorithm': 'AES', 'size': 256, 'unexportable': False, 'undeletable': False, 'neverExported': True, 'neverExportable': False, 'emptyMaterial': False, 'uuid': '618c70c8-9874-4e55-b4df-32f1c3ccecc8', 'muid': '618c70c8-9874-4e55-b4df-32f1c3ccecc88b787ec1-31f3-487e-a294-1ec857393425', 'keyCheckValue': '27dbfb'}, 'ctvl_user_response': {'id': 10, 'username': 'mytesla4_apps', 'email': 'mytesla4@telkom.co.id', 'is_active': True, 'is_staff': True, 'is_superuser': False, 'groups': [], 'ldap_user': False, 'mask': None}, 'ctvl_key_response': {'idkey': 15, 'name': 'mytesla4_keys', 'seedkey': False}, 'ctvl_perm_token': {'id': 17, 'user': 'mytesla4_apps', 'key': 'mytesla4_keys', 'asymkey': None, 'opaqueobj': None, 'canPost': True, 'canGet': True}, 'ctvl_perm_crypto': {'id': 15, 'user': 'mytesla4_apps', 'key': 'mytesla4_keys', 'asymkey': None, 'opaqueobj': None, 'canDecrypt': True, 'canEncrypt': False, 'canSign': False, 'canVerify': False}, 'ctvl_templates': [{'idtokentemplate': 9, 'name': 'my tesla4_templateclear', 'tenant': 'tokengroup', 'format': 'FPE', 'keepleft': 100, 'keepright': 0, 'irreversible': True, 'copyruntdata': True, 'allowsmallinput': True, 'charset': 'Alphanumeric', 'prefix': '', 'startyear': 0, 'endyear': 0, 'daterecordcount': None, 'datetablenum': None, 'datetablenum_status': 'updated'}, {'idtokentemplate': 10, 'name': 'my tesla4_template', 'tenant': 'tokengroup', 'format': 'FPE', 'keepleft': 0, 'keepright': 0, 'irreversible': False, 'copyruntdata': False, 'allowsmallinput': True, 'charset': 'Alphanumeric', 'prefix': '', 'startyear': 0, 'endyear': 0, 'daterecordcount': None, 'datetablenum': None, 'datetablenum_status': 'updated'}, {'idtokentemplate': 11, 'name': 'my tesla4_templatedigit', 'tenant': 'tokengroup', 'format': 'FPE', 'keepleft': 0, 'keepright': 0, 'irreversible': False, 'copyruntdata': False, 'allowsmallinput': True, 'charset': 'All digits', 'prefix': '', 'startyear': 0, 'endyear': 0, 'daterecordcount': None, 'datetablenum': None, 'datetablenum_status': 'updated'}], 'ctvl_tokengroup': {'idtenant': 4, 'name': 'mytesla4_tgroup', 'key': 'mytesla4_keys'}}]
2025-10-21 12:29:22,868 INFO main - Done. Results written to log.
2025-10-21 13:40:52,196 INFO main - Starting provisioning tool
2025-10-21 13:40:53,475 INFO src.ops.provisioner - Authenticated to CTM, token len=704
2025-10-21 13:40:53,906 INFO src.ops.provisioner - Provisioning app=mytesla5 user=mytesla5_apps email=mytesla5@telkom.co.id
2025-10-21 13:40:54,227 INFO src.ops.provisioner - Starting CTVL provisioning for mytesla5
2025-10-21 13:40:55,336 INFO src.ops.provisioner - Provisioning finished. Summary: [{'app': 'my tesla5', 'status': 'ok', 'username': 'mytesla5_apps', 'password': 'mytesla5ax5CYTLF&r!c%zL%', 'email': 'mytesla5@telkom.co.id', 'user_response': {'created_at': '2025-10-21T06:40:37.891772Z', 'email': 'mytesla5@telkom.co.id', 'last_login': None, 'logins_count': 0, 'name': 'mytesla5', 'nickname': 'mytesla5_apps', 'updated_at': '2025-10-21T06:40:37.891772Z', 'user_id': 'local|657da805-5a3f-4f74-83c1-dad861c00e63', 'username': 'mytesla5_apps', 'user_metadata': {}, 'app_metadata': {}, 'failed_logins_count': 0, 'account_lockout_at': None, 'failed_logins_initial_attempt_at': None, 'last_failed_login_at': None, 'password_changed_at': '2025-10-21T06:40:37.888544Z', 'password_change_required': False, 'certificate_subject_dn': '', 'enable_cert_auth': False, 'auth_domain': '00000000-0000-0000-0000-000000000000', 'login_flags': {'prevent_ui_login': False}, 'auth_domain_name': 'root', 'allowed_auth_methods': ['password'], 'allowed_client_types': ['unregistered', 'public', 'confidential']}, 'key_response': {'id': 'b7fef6086d8b400e931d20fe09fd467f9e3abadb9324443d95fc8a0805404295', 'uri': 'kylo:kylo:vault:keys:mytesla5-keys-v0', 'account': 'kylo:kylo:admin:accounts:kylo', 'application': 'ncryptify:gemalto:admin:apps:kylo', 'devAccount': 'ncryptify:gemalto:admin:accounts:gemalto', 'createdAt': '2025-10-21T06:40:38.024965Z', 'name': 'mytesla5_keys', 'updatedAt': '2025-10-21T06:40:38.024965Z', 'state': 'Pre-Active', 'usageMask': 3145740, 'meta': {'ownerId': 'local|657da805-5a3f-4f74-83c1-dad861c00e63'}, 'objectType': 'Symmetric Key', 'aliases': [{'alias': 'mytesla5_keys', 'type': 'string', 'index': 0}, {'alias': 'mytesla5_keys:keysecure:gemalto:com', 'type': 'uri', 'index': 1}], 'sha1Fingerprint': '26caaffc0632c23f', 'sha256Fingerprint': '6515b4a055c1601b710a552da04267f02cbb04fa3f9335b4bd72ce653e2d5d7a', 'defaultIV': '3aec18b7c3f288b90b68a85a3f077dbd', 'version': 0, 'algorithm': 'AES', 'size': 256, 'unexportable': False, 'undeletable': False, 'neverExported': True, 'neverExportable': False, 'emptyMaterial': False, 'uuid': '9fd886a5-6483-4762-9a02-fb242a2268dd', 'muid': '9fd886a5-6483-4762-9a02-fb242a2268dd814918e9-b2e4-47bc-81c1-22fe930ca42d', 'keyCheckValue': '1ee7a9'}, 'ctvl_user_response': {'id': 11, 'username': 'mytesla5_apps', 'email': 'mytesla5@telkom.co.id', 'is_active': True, 'is_staff': True, 'is_superuser': False, 'groups': [], 'ldap_user': False, 'mask': None}, 'ctvl_key_response': {'idkey': 16, 'name': 'mytesla5_keys', 'seedkey': False}, 'ctvl_perm_token': {'id': 19, 'user': 'mytesla5_apps', 'key': 'mytesla5_keys', 'asymkey': None, 'opaqueobj': None, 'canPost': True, 'canGet': True}, 'ctvl_perm_crypto': {'id': 16, 'user': 'mytesla5_apps', 'key': 'mytesla5_keys', 'asymkey': None, 'opaqueobj': None, 'canDecrypt': True, 'canEncrypt': False, 'canSign': False, 'canVerify': False}, 'ctvl_tokengroup': {'idtenant': 5, 'name': 'mytesla5_tgroup', 'key': 'mytesla5_keys'}, 'ctvl_templates': [{'idtokentemplate': 12, 'name': 'mytesla5_templateclear', 'tenant': 'mytesla5_tgroup', 'format': 'FPE', 'keepleft': 100, 'keepright': 0, 'irreversible': True, 'copyruntdata': True, 'allowsmallinput': True, 'charset': 'Alphanumeric', 'prefix': '', 'startyear': 0, 'endyear': 0, 'daterecordcount': None, 'datetablenum': None, 'datetablenum_status': 'updated'}, {'idtokentemplate': 13, 'name': 'mytesla5_template', 'tenant': 'mytesla5_tgroup', 'format': 'FPE', 'keepleft': 0, 'keepright': 0, 'irreversible': False, 'copyruntdata': False, 'allowsmallinput': True, 'charset': 'Alphanumeric', 'prefix': '', 'startyear': 0, 'endyear': 0, 'daterecordcount': None, 'datetablenum': None, 'datetablenum_status': 'updated'}, {'idtokentemplate': 14, 'name': 'mytesla5_templatedigit', 'tenant': 'mytesla5_tgroup', 'format': 'FPE', 'keepleft': 0, 'keepright': 0, 'irreversible': False, 'copyruntdata': False, 'allowsmallinput': True, 'charset': 'All digits', 'prefix': '', 'startyear': 0, 'endyear': 0, 'daterecordcount': None, 'datetablenum': None, 'datetablenum_status': 'updated'}]}]
2025-10-21 13:40:55,336 INFO main - Done. Results written to log.
2025-10-21 13:42:23,461 INFO main - Starting provisioning tool
2025-10-21 13:42:24,844 INFO src.ops.provisioner - Authenticated to CTM, token len=704
2025-10-21 13:42:25,362 INFO src.ops.provisioner - Provisioning app=mytesla6 user=mytesla6_apps email=mytesla6@telkom.co.id
2025-10-21 13:42:25,784 INFO src.ops.provisioner - Starting CTVL provisioning for mytesla6
2025-10-21 13:42:26,970 INFO src.ops.provisioner - Provisioning finished. Summary: [{'app': 'my tesla6', 'status': 'ok', 'username': 'mytesla6_apps', 'password': 'mytesla6l-cMlnV_rM+1lD3N', 'email': 'mytesla6@telkom.co.id', 'user_response': {'created_at': '2025-10-21T06:42:09.38261Z', 'email': 'mytesla6@telkom.co.id', 'last_login': None, 'logins_count': 0, 'name': 'mytesla6', 'nickname': 'mytesla6_apps', 'updated_at': '2025-10-21T06:42:09.38261Z', 'user_id': 'local|d798e0f4-5dec-426b-8d0a-5528b71e9152', 'username': 'mytesla6_apps', 'user_metadata': {}, 'app_metadata': {}, 'failed_logins_count': 0, 'account_lockout_at': None, 'failed_logins_initial_attempt_at': None, 'last_failed_login_at': None, 'password_changed_at': '2025-10-21T06:42:09.375804Z', 'password_change_required': False, 'certificate_subject_dn': '', 'enable_cert_auth': False, 'auth_domain': '00000000-0000-0000-0000-000000000000', 'login_flags': {'prevent_ui_login': False}, 'auth_domain_name': 'root', 'allowed_auth_methods': ['password'], 'allowed_client_types': ['unregistered', 'public', 'confidential']}, 'key_response': {'id': '33763a250d3c4270824360b3ce6bc562a53d2688e3e14e21bf1d6c8d7eed9f33', 'uri': 'kylo:kylo:vault:keys:mytesla6-keys-v0', 'account': 'kylo:kylo:admin:accounts:kylo', 'application': 'ncryptify:gemalto:admin:apps:kylo', 'devAccount': 'ncryptify:gemalto:admin:accounts:gemalto', 'createdAt': '2025-10-21T06:42:09.580767Z', 'name': 'mytesla6_keys', 'updatedAt': '2025-10-21T06:42:09.580767Z', 'state': 'Pre-Active', 'usageMask': 3145740, 'meta': {'ownerId': 'local|d798e0f4-5dec-426b-8d0a-5528b71e9152'}, 'objectType': 'Symmetric Key', 'aliases': [{'alias': 'mytesla6_keys', 'type': 'string', 'index': 0}, {'alias': 'mytesla6_keys:keysecure:gemalto:com', 'type': 'uri', 'index': 1}], 'sha1Fingerprint': '3b19bedbffded30b', 'sha256Fingerprint': '5b389590e40d716e2832056f878775009db049baa9198c96b2683c9029c11587', 'defaultIV': 'a9fbb9722fd59a6391214187e64f41a6', 'version': 0, 'algorithm': 'AES', 'size': 256, 'unexportable': False, 'undeletable': False, 'neverExported': True, 'neverExportable': False, 'emptyMaterial': False, 'uuid': '54c50308-363a-4670-a719-5d8b0201a59b', 'muid': '54c50308-363a-4670-a719-5d8b0201a59ba91a49c5-cb34-44cb-96ca-d977a3b3910b', 'keyCheckValue': '47dd5b'}, 'ctvl_user_response': {'id': 12, 'username': 'mytesla6_apps', 'email': 'mytesla6@telkom.co.id', 'is_active': True, 'is_staff': True, 'is_superuser': False, 'groups': [], 'ldap_user': False, 'mask': None}, 'ctvl_key_response': {'idkey': 17, 'name': 'mytesla6_keys', 'seedkey': False}, 'ctvl_perm_token': {'id': 21, 'user': 'mytesla6_apps', 'key': 'mytesla6_keys', 'asymkey': None, 'opaqueobj': None, 'canPost': True, 'canGet': True}, 'ctvl_perm_crypto': {'id': 17, 'user': 'mytesla6_apps', 'key': 'mytesla6_keys', 'asymkey': None, 'opaqueobj': None, 'canDecrypt': True, 'canEncrypt': False, 'canSign': False, 'canVerify': False}, 'ctvl_tokengroup': {'idtenant': 6, 'name': 'mytesla6_tgroup', 'key': 'mytesla6_keys'}, 'ctvl_templates': [{'idtokentemplate': 15, 'name': 'mytesla6_templateclear', 'tenant': 'mytesla6_tgroup', 'format': 'FPE', 'keepleft': 100, 'keepright': 0, 'irreversible': True, 'copyruntdata': True, 'allowsmallinput': True, 'charset': 'Alphanumeric', 'prefix': '', 'startyear': 0, 'endyear': 0, 'daterecordcount': None, 'datetablenum': None, 'datetablenum_status': 'updated'}, {'idtokentemplate': 16, 'name': 'mytesla6_templatedigit', 'tenant': 'mytesla6_tgroup', 'format': 'FPE', 'keepleft': 0, 'keepright': 0, 'irreversible': False, 'copyruntdata': False, 'allowsmallinput': True, 'charset': 'All digits', 'prefix': '', 'startyear': 0, 'endyear': 0, 'daterecordcount': None, 'datetablenum': None, 'datetablenum_status': 'updated'}]}]
2025-10-21 13:42:26,973 INFO main - Done. Results written to log.
2025-10-21 13:46:25,637 INFO main - Starting provisioning tool
2025-10-21 13:46:26,882 INFO src.ops.provisioner - Authenticated to CTM, token len=704
2025-10-21 13:46:27,473 INFO src.ops.provisioner - Provisioning app=mytesla7 user=mytesla7_apps email=mytesla7@telkom.co.id
2025-10-21 13:46:27,876 INFO src.ops.provisioner - Starting CTVL provisioning for mytesla7
2025-10-21 13:46:28,823 INFO src.ops.provisioner - === Provisioning Summary ===
App: my tesla7
  Username : mytesla7_apps
  Password : mytesla7XGV*mz(5#A0KXj-y
  Email    : mytesla7@telkom.co.id
  Tenant   : mytesla7_tgroup
  Templates: mytesla7_templateclear, mytesla7_templatedigit

2025-10-21 13:46:28,824 INFO src.ops.provisioner - Provisioning finished. Summary: ['\nApp: my tesla7\n  Username : mytesla7_apps\n  Password : mytesla7XGV*mz(5#A0KXj-y\n  Email    : mytesla7@telkom.co.id\n  Tenant   : mytesla7_tgroup\n  Templates: mytesla7_templateclear, mytesla7_templatedigit\n']
2025-10-21 13:46:28,825 INFO main - Done. Results written to log.
2025-10-21 14:12:47,312 INFO main - Starting provisioning tool
2025-10-21 14:12:48,369 INFO src.ops.provisioner - Authenticated to CTM, token len=704
2025-10-21 14:12:48,827 INFO src.ops.provisioner - Provisioning app=mytesla8 user=mytesla8_apps email=mytesla8@telkom.co.id
2025-10-21 14:12:49,092 INFO src.ops.provisioner - Starting CTVL provisioning for mytesla8
2025-10-21 14:12:50,127 INFO src.ops.provisioner - === Provisioning Summary ===
App: my tesla8
  Username : mytesla8_apps
  Password : mytesla8cW*0OciRuPbn)cS!
  Email    : mytesla8@telkom.co.id
  Tenant   : mytesla8_tgroup
  Templates: mytesla8_templateclear, mytesla8_templatedigit

2025-10-21 14:12:50,128 INFO src.ops.provisioner - Provisioning finished. Summary: ['\nApp: my tesla8\n  Username : mytesla8_apps\n  Password : mytesla8cW*0OciRuPbn)cS!\n  Email    : mytesla8@telkom.co.id\n  Tenant   : mytesla8_tgroup\n  Templates: mytesla8_templateclear, mytesla8_templatedigit\n']
2025-10-21 14:12:50,129 INFO main - Done. Results written to log.
2025-10-21 14:18:39,666 INFO main - Starting provisioning tool
2025-10-21 14:18:41,459 INFO src.ops.provisioner - Authenticated to CTM, token len=704
2025-10-21 14:18:42,056 INFO src.ops.provisioner - Provisioning app=mytesla9 user=mytesla9_apps email=mytesla9@telkom.co.id
2025-10-21 14:18:42,423 INFO src.ops.provisioner - Starting CTVL provisioning for mytesla9
2025-10-21 14:18:43,637 INFO src.ops.provisioner - === Provisioning Summary ===
App: my tesla9
  Username : mytesla9_apps
  Password : mytesla9Sw0yDQd2CZ*$GK*v
  Email    : mytesla9@telkom.co.id
  Tenant   : mytesla9_tgroup
  Templates: mytesla9_templateclear, mytesla9_templatedigit

2025-10-21 14:18:43,639 INFO src.ops.provisioner - Provisioning finished. Summary: ['\nApp: my tesla9\n  Username : mytesla9_apps\n  Password : mytesla9Sw0yDQd2CZ*$GK*v\n  Email    : mytesla9@telkom.co.id\n  Tenant   : mytesla9_tgroup\n  Templates: mytesla9_templateclear, mytesla9_templatedigit\n']
2025-10-21 14:18:43,640 INFO main - Done. Results written to log.
2025-10-21 14:21:14,393 INFO main - Starting provisioning tool
2025-10-21 14:21:15,718 INFO src.ops.provisioner - Authenticated to CTM, token len=704
2025-10-21 14:21:16,143 INFO src.ops.provisioner - Provisioning app=mytesla10 user=mytesla10_apps email=mytesla10@telkom.co.id
2025-10-21 14:21:16,539 INFO src.ops.provisioner - Starting CTVL provisioning for mytesla10
2025-10-21 14:21:17,800 INFO src.ops.provisioner - === Provisioning Summary ===
App: my tesla10
  Username : mytesla10_apps
  Password : mytesla101QL7xGian=jp3QPt
  Email    : mytesla10@telkom.co.id
  Tenant   : mytesla10_tgroup
  Templates: mytesla10_templateclear, mytesla10_templatedigit

2025-10-21 14:21:17,801 INFO src.ops.provisioner - Provisioning finished. Summary: ['\nApp: my tesla10\n  Username : mytesla10_apps\n  Password : mytesla101QL7xGian=jp3QPt\n  Email    : mytesla10@telkom.co.id\n  Tenant   : mytesla10_tgroup\n  Templates: mytesla10_templateclear, mytesla10_templatedigit\n']
2025-10-21 14:21:17,801 INFO main - Done. Results written to log.
2025-10-21 14:32:29,182 INFO main - Starting provisioning tool
2025-10-21 14:32:30,249 INFO src.ops.provisioner - Workshops API disabled in settings. Nothing to do.
2025-10-21 14:32:30,249 INFO main - Done. Results written to log.
2025-10-21 14:33:04,814 INFO main - Starting provisioning tool
2025-10-21 14:33:05,656 INFO src.ops.provisioner - Workshops API disabled in settings. Nothing to do.
2025-10-21 14:33:05,656 INFO main - Done. Results written to log.
